[debug] [2025-07-24T11:23:38.977Z] ----------------------------------------------------------------------
[debug] [2025-07-24T11:23:38.990Z] Command:       C:\Program Files\nodejs\node.exe C:\Users\adm\AppData\Roaming\npm\node_modules\firebase-tools\lib\bin\firebase.js init firestore
[debug] [2025-07-24T11:23:38.992Z] CLI Version:   14.11.1
[debug] [2025-07-24T11:23:38.993Z] Platform:      win32
[debug] [2025-07-24T11:23:38.993Z] Node Version:  v22.12.0
[debug] [2025-07-24T11:23:38.995Z] Time:          Thu Jul 24 2025 16:53:38 GMT+0530 (India Standard Time)
[debug] [2025-07-24T11:23:38.995Z] ----------------------------------------------------------------------
[debug] 
[debug] [2025-07-24T11:23:39.040Z] > command requires scopes: ["email","openid","https://www.googleapis.com/auth/cloudplatformprojects.readonly","https://www.googleapis.com/auth/firebase","https://www.googleapis.com/auth/cloud-platform"]
[debug] [2025-07-24T11:23:39.041Z] > authorizing via signed-in user (saijazahmad38@gmail.com)
[info] 
     ######## #### ########  ######## ########     ###     ######  ########
     ##        ##  ##     ## ##       ##     ##  ##   ##  ##       ##
     ######    ##  ########  ######   ########  #########  ######  ######
     ##        ##  ##    ##  ##       ##     ## ##     ##       ## ##
     ##       #### ##     ## ######## ########  ##     ##  ######  ########

You're about to initialize a Firebase project in this directory:

  C:\Users\adm\OneDrive\Desktop\projects\logo-maker

[info] 
=== Project Setup
[info] 
[info] First, let's associate this project directory with a Firebase project.
[info] You can create multiple project aliases by running firebase use --add, 
[info] but for now we'll just set up a default project.
[info] 
[info] i  If you want to create a project in a Google Cloud organization or folder, please use "firebase projects:create" instead, and return to this command when you've created the project. 
[debug] [2025-07-24T11:25:25.561Z] Checked if tokens are valid: false, expires at: 1706282662710
[debug] [2025-07-24T11:25:25.561Z] Checked if tokens are valid: false, expires at: 1706282662710
[debug] [2025-07-24T11:25:25.562Z] > refreshing access token with scopes: []
[debug] [2025-07-24T11:25:25.567Z] >>> [apiv2][query] POST https://www.googleapis.com/oauth2/v3/token [none]
[debug] [2025-07-24T11:25:25.567Z] >>> [apiv2][body] POST https://www.googleapis.com/oauth2/v3/token [omitted]
[debug] [2025-07-24T11:25:26.179Z] <<< [apiv2][status] POST https://www.googleapis.com/oauth2/v3/token 400
[debug] [2025-07-24T11:25:26.179Z] <<< [apiv2][body] POST https://www.googleapis.com/oauth2/v3/token [omitted]
[debug] [2025-07-24T11:25:26.180Z] >>> [apiv2][query] POST https://firebase.googleapis.com/v1/projects:checkProjectId [none]
[debug] [2025-07-24T11:25:26.181Z] >>> [apiv2][body] POST https://firebase.googleapis.com/v1/projects:checkProjectId {"proposedId":"logofyai"}
[debug] [2025-07-24T11:25:27.072Z] <<< [apiv2][status] POST https://firebase.googleapis.com/v1/projects:checkProjectId 401
[debug] [2025-07-24T11:25:27.072Z] <<< [apiv2][body] POST https://firebase.googleapis.com/v1/projects:checkProjectId {"error":{"code":401,"message":"Request had invalid authentication credentials. Expected OAuth 2 access token, login cookie or other valid authentication credential. See https://developers.google.com/identity/sign-in/web/devconsole-project.","status":"UNAUTHENTICATED"}}
[debug] [2025-07-24T11:25:27.072Z] Got a 401 Unauthenticated error for a call that required authentication. Refreshing tokens.
[debug] [2025-07-24T11:25:27.072Z] Checked if tokens are valid: false, expires at: 1706282662710
[debug] [2025-07-24T11:25:27.072Z] Checked if tokens are valid: false, expires at: 1706282662710
[debug] [2025-07-24T11:25:27.073Z] > refreshing access token with scopes: []
[debug] [2025-07-24T11:25:27.074Z] >>> [apiv2][query] POST https://www.googleapis.com/oauth2/v3/token [none]
[debug] [2025-07-24T11:25:27.074Z] >>> [apiv2][body] POST https://www.googleapis.com/oauth2/v3/token [omitted]
[debug] [2025-07-24T11:25:27.342Z] <<< [apiv2][status] POST https://www.googleapis.com/oauth2/v3/token 400
[debug] [2025-07-24T11:25:27.342Z] <<< [apiv2][body] POST https://www.googleapis.com/oauth2/v3/token [omitted]
[debug] [2025-07-24T11:25:27.343Z] Couldn't check if project ID logofyai is available. Original error: FirebaseError: Failed to check if project ID is available. See firebase-debug.log for more info.
[debug] [2025-07-24T11:25:40.706Z] Checked if tokens are valid: false, expires at: 1706282662710
[debug] [2025-07-24T11:25:40.706Z] Checked if tokens are valid: false, expires at: 1706282662710
[debug] [2025-07-24T11:25:40.707Z] > refreshing access token with scopes: []
[debug] [2025-07-24T11:25:40.707Z] >>> [apiv2][query] POST https://www.googleapis.com/oauth2/v3/token [none]
[debug] [2025-07-24T11:25:40.707Z] >>> [apiv2][body] POST https://www.googleapis.com/oauth2/v3/token [omitted]
[debug] [2025-07-24T11:25:41.169Z] <<< [apiv2][status] POST https://www.googleapis.com/oauth2/v3/token 400
[debug] [2025-07-24T11:25:41.169Z] <<< [apiv2][body] POST https://www.googleapis.com/oauth2/v3/token [omitted]
[debug] [2025-07-24T11:25:41.170Z] >>> [apiv2][query] POST https://cloudresourcemanager.googleapis.com/v1/projects [none]
[debug] [2025-07-24T11:25:41.170Z] >>> [apiv2][body] POST https://cloudresourcemanager.googleapis.com/v1/projects {"projectId":"logofyai","name":"logofy"}
[debug] [2025-07-24T11:25:42.812Z] <<< [apiv2][status] POST https://cloudresourcemanager.googleapis.com/v1/projects 401
[debug] [2025-07-24T11:25:42.813Z] <<< [apiv2][body] POST https://cloudresourcemanager.googleapis.com/v1/projects {"error":{"code":401,"message":"Request had invalid authentication credentials. Expected OAuth 2 access token, login cookie or other valid authentication credential. See https://developers.google.com/identity/sign-in/web/devconsole-project.","status":"UNAUTHENTICATED","details":[{"@type":"type.googleapis.com/google.rpc.ErrorInfo","reason":"ACCESS_TOKEN_TYPE_UNSUPPORTED","metadata":{"method":"google.cloudresourcemanager.v1.Projects.CreateProject","service":"cloudresourcemanager.googleapis.com"}}]}}
[debug] [2025-07-24T11:25:42.813Z] Got a 401 Unauthenticated error for a call that required authentication. Refreshing tokens.
[debug] [2025-07-24T11:25:42.813Z] Checked if tokens are valid: false, expires at: 1706282662710
[debug] [2025-07-24T11:25:42.813Z] Checked if tokens are valid: false, expires at: 1706282662710
[debug] [2025-07-24T11:25:42.813Z] > refreshing access token with scopes: []
[debug] [2025-07-24T11:25:42.814Z] >>> [apiv2][query] POST https://www.googleapis.com/oauth2/v3/token [none]
[debug] [2025-07-24T11:25:42.814Z] >>> [apiv2][body] POST https://www.googleapis.com/oauth2/v3/token [omitted]
[debug] [2025-07-24T11:25:42.940Z] <<< [apiv2][status] POST https://www.googleapis.com/oauth2/v3/token 400
[debug] [2025-07-24T11:25:42.940Z] <<< [apiv2][body] POST https://www.googleapis.com/oauth2/v3/token [omitted]
[debug] [2025-07-24T11:25:44.415Z] FirebaseError: Request to https://cloudresourcemanager.googleapis.com/v1/projects had HTTP Error: 401, Request had invalid authentication credentials. Expected OAuth 2 access token, login cookie or other valid authentication credential. See https://developers.google.com/identity/sign-in/web/devconsole-project.
    at responseToError (C:\Users\adm\AppData\Roaming\npm\node_modules\firebase-tools\lib\responseToError.js:52:12)
    at RetryOperation._fn (C:\Users\adm\AppData\Roaming\npm\node_modules\firebase-tools\lib\apiv2.js:312:77)
    at process.processTicksAndRejections (node:internal/process/task_queues:105:5)
[error] 
[error] Error: Failed to create project. See firebase-debug.log for more info.
